<?xml version="1.0" encoding="UTF-8"?>
<!-- Generated by org.testng.reporters.JUnitReportReporter -->
<testsuite hostname="HKB_INDIA" failures="0" tests="1" name="hkbdevelopment.HKB_ChildTest" time="2.374" errors="0" timestamp="2023-06-21T11:44:58 IST" skipped="0">
  <testcase classname="hkbdevelopment.HKB_ChildTest" name="actual_Automation" time="2.374"/>
  <system-out/>
</testsuite> <!-- hkbdevelopment.HKB_ChildTest -->
